DEBUG http-nio-8881-exec-7 druid.sql.Statement - {conn-10001, pstmt-20000} clearParameters. 
DEBUG http-nio-8881-exec-7 druid.sql.Statement - {conn-10001, pstmt-20000} closed
DEBUG http-nio-8881-exec-7 druid.sql.Connection - {conn 10001} rollback
DEBUG http-nio-8881-exec-7 druid.sql.Connection - {conn-10001} setAutoCommit true
DEBUG http-nio-8881-exec-7 druid.sql.Connection - {conn-10001} pool-recycle
DEBUG Thread-12 druid.sql.Connection - {conn-10001} closed
DEBUG main druid.sql.Connection - {conn-10001} connected
DEBUG main druid.sql.Connection - {conn-10001} pool-connect
DEBUG main druid.sql.Connection - {conn-10001} pool-recycle
DEBUG main druid.sql.Connection - {conn-10001} pool-connect
DEBUG main druid.sql.Connection - {conn-10001} pool-recycle
DEBUG main druid.sql.Connection - {conn-10001} pool-connect
DEBUG main druid.sql.Connection - {conn-10001} pool-recycle
DEBUG main druid.sql.Connection - {conn-10001} pool-connect
DEBUG main druid.sql.Connection - {conn-10001} pool-recycle
DEBUG http-nio-8881-exec-5 druid.sql.Connection - {conn-10001} pool-connect
DEBUG http-nio-8881-exec-5 druid.sql.Connection - {conn-10001} setAutoCommit false
DEBUG http-nio-8881-exec-5 druid.sql.Statement - {conn-10001, pstmt-20000} created. insert into tira_task (code, desc, name, publishdate, techowner, testdate) values (?, ?, ?, ?, ?, ?)
DEBUG http-nio-8881-exec-5 druid.sql.Statement - {conn-10001, pstmt-20000} Parameters : [123, desc, 唐程, 3919-11-11, null, 3919-11-11]
DEBUG http-nio-8881-exec-5 druid.sql.Statement - {conn-10001, pstmt-20000} Types : [VARCHAR, VARCHAR, VARCHAR, DATE, VARCHAR, DATE]
ERROR http-nio-8881-exec-5 druid.sql.Statement - {conn-10001, pstmt-20000} execute error. insert into tira_task (code, desc, name, publishdate, techowner, testdate) values (?, ?, ?, ?, ?, ?)
java.sql.SQLSyntaxErrorException: You have an error in your SQL syntax; check the manual that corresponds to your MySQL server version for the right syntax to use near 'desc, name, publishdate, techowner, testdate) values ('123', 'desc', '唐程', '' at line 1
	at com.mysql.cj.jdbc.exceptions.SQLError.createSQLException(SQLError.java:120)
	at com.mysql.cj.jdbc.exceptions.SQLError.createSQLException(SQLError.java:97)
	at com.mysql.cj.jdbc.exceptions.SQLExceptionsMapping.translateException(SQLExceptionsMapping.java:122)
	at com.mysql.cj.jdbc.ClientPreparedStatement.executeInternal(ClientPreparedStatement.java:953)
	at com.mysql.cj.jdbc.ClientPreparedStatement.executeUpdateInternal(ClientPreparedStatement.java:1092)
	at com.mysql.cj.jdbc.ClientPreparedStatement.executeUpdateInternal(ClientPreparedStatement.java:1040)
	at com.mysql.cj.jdbc.ClientPreparedStatement.executeLargeUpdate(ClientPreparedStatement.java:1340)
	at com.mysql.cj.jdbc.ClientPreparedStatement.executeUpdate(ClientPreparedStatement.java:1025)
	at com.alibaba.druid.filter.FilterChainImpl.preparedStatement_executeUpdate(FilterChainImpl.java:3201)
	at com.alibaba.druid.filter.FilterAdapter.preparedStatement_executeUpdate(FilterAdapter.java:1091)
	at com.alibaba.druid.filter.FilterChainImpl.preparedStatement_executeUpdate(FilterChainImpl.java:3199)
	at com.alibaba.druid.filter.FilterAdapter.preparedStatement_executeUpdate(FilterAdapter.java:1091)
	at com.alibaba.druid.filter.FilterEventAdapter.preparedStatement_executeUpdate(FilterEventAdapter.java:491)
	at com.alibaba.druid.filter.FilterChainImpl.preparedStatement_executeUpdate(FilterChainImpl.java:3199)
	at com.alibaba.druid.wall.WallFilter.preparedStatement_executeUpdate(WallFilter.java:654)
	at com.alibaba.druid.filter.FilterChainImpl.preparedStatement_executeUpdate(FilterChainImpl.java:3199)
	at com.alibaba.druid.filter.FilterAdapter.preparedStatement_executeUpdate(FilterAdapter.java:1091)
	at com.alibaba.druid.filter.FilterEventAdapter.preparedStatement_executeUpdate(FilterEventAdapter.java:491)
	at com.alibaba.druid.filter.FilterChainImpl.preparedStatement_executeUpdate(FilterChainImpl.java:3199)
	at com.alibaba.druid.proxy.jdbc.PreparedStatementProxyImpl.executeUpdate(PreparedStatementProxyImpl.java:194)
	at com.alibaba.druid.pool.DruidPooledPreparedStatement.executeUpdate(DruidPooledPreparedStatement.java:256)
	at org.hibernate.engine.jdbc.internal.ResultSetReturnImpl.executeUpdate(ResultSetReturnImpl.java:175)
	at org.hibernate.dialect.identity.GetGeneratedKeysDelegate.executeAndExtract(GetGeneratedKeysDelegate.java:57)
	at org.hibernate.id.insert.AbstractReturningDelegate.performInsert(AbstractReturningDelegate.java:42)
	at org.hibernate.persister.entity.AbstractEntityPersister.insert(AbstractEntityPersister.java:3077)
	at org.hibernate.persister.entity.AbstractEntityPersister.insert(AbstractEntityPersister.java:3667)
	at org.hibernate.action.internal.EntityIdentityInsertAction.execute(EntityIdentityInsertAction.java:81)
	at org.hibernate.engine.spi.ActionQueue.execute(ActionQueue.java:645)
	at org.hibernate.engine.spi.ActionQueue.addResolvedEntityInsertAction(ActionQueue.java:282)
	at org.hibernate.engine.spi.ActionQueue.addInsertAction(ActionQueue.java:263)
	at org.hibernate.engine.spi.ActionQueue.addAction(ActionQueue.java:317)
	at org.hibernate.event.internal.AbstractSaveEventListener.addInsertAction(AbstractSaveEventListener.java:332)
	at org.hibernate.event.internal.AbstractSaveEventListener.performSaveOrReplicate(AbstractSaveEventListener.java:289)
	at org.hibernate.event.internal.AbstractSaveEventListener.performSave(AbstractSaveEventListener.java:196)
	at org.hibernate.event.internal.AbstractSaveEventListener.saveWithGeneratedId(AbstractSaveEventListener.java:127)
	at org.hibernate.event.internal.DefaultPersistEventListener.entityIsTransient(DefaultPersistEventListener.java:192)
	at org.hibernate.event.internal.DefaultPersistEventListener.onPersist(DefaultPersistEventListener.java:135)
	at org.hibernate.event.internal.DefaultPersistEventListener.onPersist(DefaultPersistEventListener.java:62)
	at org.hibernate.internal.SessionImpl.firePersist(SessionImpl.java:800)
	at org.hibernate.internal.SessionImpl.persist(SessionImpl.java:785)
	at sun.reflect.NativeMethodAccessorImpl.invoke0(Native Method)
	at sun.reflect.NativeMethodAccessorImpl.invoke(NativeMethodAccessorImpl.java:62)
	at sun.reflect.DelegatingMethodAccessorImpl.invoke(DelegatingMethodAccessorImpl.java:43)
	at java.lang.reflect.Method.invoke(Method.java:498)
	at org.springframework.orm.jpa.ExtendedEntityManagerCreator$ExtendedEntityManagerInvocationHandler.invoke(ExtendedEntityManagerCreator.java:350)
	at com.sun.proxy.$Proxy78.persist(Unknown Source)
	at sun.reflect.NativeMethodAccessorImpl.invoke0(Native Method)
	at sun.reflect.NativeMethodAccessorImpl.invoke(NativeMethodAccessorImpl.java:62)
	at sun.reflect.DelegatingMethodAccessorImpl.invoke(DelegatingMethodAccessorImpl.java:43)
	at java.lang.reflect.Method.invoke(Method.java:498)
	at org.springframework.orm.jpa.SharedEntityManagerCreator$SharedEntityManagerInvocationHandler.invoke(SharedEntityManagerCreator.java:309)
	at com.sun.proxy.$Proxy78.persist(Unknown Source)
	at org.springframework.data.jpa.repository.support.SimpleJpaRepository.save(SimpleJpaRepository.java:535)
	at sun.reflect.NativeMethodAccessorImpl.invoke0(Native Method)
	at sun.reflect.NativeMethodAccessorImpl.invoke(NativeMethodAccessorImpl.java:62)
	at sun.reflect.DelegatingMethodAccessorImpl.invoke(DelegatingMethodAccessorImpl.java:43)
	at java.lang.reflect.Method.invoke(Method.java:498)
	at org.springframework.data.repository.core.support.RepositoryComposition$RepositoryFragments.invoke(RepositoryComposition.java:359)
	at org.springframework.data.repository.core.support.RepositoryComposition.invoke(RepositoryComposition.java:200)
	at org.springframework.data.repository.core.support.RepositoryFactorySupport$ImplementationMethodExecutionInterceptor.invoke(RepositoryFactorySupport.java:644)
	at org.springframework.aop.framework.ReflectiveMethodInvocation.proceed(ReflectiveMethodInvocation.java:186)
	at org.springframework.data.repository.core.support.RepositoryFactorySupport$QueryExecutorMethodInterceptor.doInvoke(RepositoryFactorySupport.java:608)
	at org.springframework.data.repository.core.support.RepositoryFactorySupport$QueryExecutorMethodInterceptor.lambda$invoke$3(RepositoryFactorySupport.java:595)
	at org.springframework.data.repository.core.support.RepositoryFactorySupport$QueryExecutorMethodInterceptor.invoke(RepositoryFactorySupport.java:595)
	at org.springframework.aop.framework.ReflectiveMethodInvocation.proceed(ReflectiveMethodInvocation.java:186)
	at org.springframework.data.projection.DefaultMethodInvokingMethodInterceptor.invoke(DefaultMethodInvokingMethodInterceptor.java:59)
	at org.springframework.aop.framework.ReflectiveMethodInvocation.proceed(ReflectiveMethodInvocation.java:186)
	at org.springframework.transaction.interceptor.TransactionAspectSupport.invokeWithinTransaction(TransactionAspectSupport.java:295)
	at org.springframework.transaction.interceptor.TransactionInterceptor.invoke(TransactionInterceptor.java:98)
	at org.springframework.aop.framework.ReflectiveMethodInvocation.proceed(ReflectiveMethodInvocation.java:186)
	at org.springframework.dao.support.PersistenceExceptionTranslationInterceptor.invoke(PersistenceExceptionTranslationInterceptor.java:139)
	at org.springframework.aop.framework.ReflectiveMethodInvocation.proceed(ReflectiveMethodInvocation.java:186)
	at org.springframework.data.jpa.repository.support.CrudMethodMetadataPostProcessor$CrudMethodMetadataPopulatingMethodInterceptor.invoke(CrudMethodMetadataPostProcessor.java:144)
	at org.springframework.aop.framework.ReflectiveMethodInvocation.proceed(ReflectiveMethodInvocation.java:186)
	at org.springframework.data.jpa.repository.support.CrudMethodMetadataPostProcessor$ExposeRepositoryInvocationInterceptor.invoke(CrudMethodMetadataPostProcessor.java:364)
	at org.springframework.aop.framework.ReflectiveMethodInvocation.proceed(ReflectiveMethodInvocation.java:186)
	at org.springframework.aop.interceptor.ExposeInvocationInterceptor.invoke(ExposeInvocationInterceptor.java:93)
	at org.springframework.aop.framework.ReflectiveMethodInvocation.proceed(ReflectiveMethodInvocation.java:186)
	at org.springframework.data.repository.core.support.SurroundingTransactionDetectorMethodInterceptor.invoke(SurroundingTransactionDetectorMethodInterceptor.java:61)
	at org.springframework.aop.framework.ReflectiveMethodInvocation.proceed(ReflectiveMethodInvocation.java:186)
	at org.springframework.aop.framework.JdkDynamicAopProxy.invoke(JdkDynamicAopProxy.java:212)
	at com.sun.proxy.$Proxy80.save(Unknown Source)
	at com.platform.tira.service.task.impl.TaskService.addTask(TaskService.java:21)
	at com.platform.tira.controller.task.TaskContrllor.addStudent(TaskContrllor.java:31)
	at sun.reflect.NativeMethodAccessorImpl.invoke0(Native Method)
	at sun.reflect.NativeMethodAccessorImpl.invoke(NativeMethodAccessorImpl.java:62)
	at sun.reflect.DelegatingMethodAccessorImpl.invoke(DelegatingMethodAccessorImpl.java:43)
	at java.lang.reflect.Method.invoke(Method.java:498)
	at org.springframework.web.method.support.InvocableHandlerMethod.doInvoke(InvocableHandlerMethod.java:190)
	at org.springframework.web.method.support.InvocableHandlerMethod.invokeForRequest(InvocableHandlerMethod.java:138)
	at org.springframework.web.servlet.mvc.method.annotation.ServletInvocableHandlerMethod.invokeAndHandle(ServletInvocableHandlerMethod.java:104)
	at org.springframework.web.servlet.mvc.method.annotation.RequestMappingHandlerAdapter.invokeHandlerMethod(RequestMappingHandlerAdapter.java:892)
	at org.springframework.web.servlet.mvc.method.annotation.RequestMappingHandlerAdapter.handleInternal(RequestMappingHandlerAdapter.java:797)
	at org.springframework.web.servlet.mvc.method.AbstractHandlerMethodAdapter.handle(AbstractHandlerMethodAdapter.java:87)
	at org.springframework.web.servlet.DispatcherServlet.doDispatch(DispatcherServlet.java:1039)
	at org.springframework.web.servlet.DispatcherServlet.doService(DispatcherServlet.java:942)
	at org.springframework.web.servlet.FrameworkServlet.processRequest(FrameworkServlet.java:1005)
	at org.springframework.web.servlet.FrameworkServlet.doGet(FrameworkServlet.java:897)
	at javax.servlet.http.HttpServlet.service(HttpServlet.java:634)
	at org.springframework.web.servlet.FrameworkServlet.service(FrameworkServlet.java:882)
	at javax.servlet.http.HttpServlet.service(HttpServlet.java:741)
	at org.apache.catalina.core.ApplicationFilterChain.internalDoFilter(ApplicationFilterChain.java:231)
	at org.apache.catalina.core.ApplicationFilterChain.doFilter(ApplicationFilterChain.java:166)
	at org.apache.tomcat.websocket.server.WsFilter.doFilter(WsFilter.java:53)
	at org.apache.catalina.core.ApplicationFilterChain.internalDoFilter(ApplicationFilterChain.java:193)
	at org.apache.catalina.core.ApplicationFilterChain.doFilter(ApplicationFilterChain.java:166)
	at com.alibaba.druid.support.http.WebStatFilter.doFilter(WebStatFilter.java:123)
	at org.apache.catalina.core.ApplicationFilterChain.internalDoFilter(ApplicationFilterChain.java:193)
	at org.apache.catalina.core.ApplicationFilterChain.doFilter(ApplicationFilterChain.java:166)
	at org.springframework.web.filter.RequestContextFilter.doFilterInternal(RequestContextFilter.java:99)
	at org.springframework.web.filter.OncePerRequestFilter.doFilter(OncePerRequestFilter.java:118)
	at org.apache.catalina.core.ApplicationFilterChain.internalDoFilter(ApplicationFilterChain.java:193)
	at org.apache.catalina.core.ApplicationFilterChain.doFilter(ApplicationFilterChain.java:166)
	at org.springframework.web.filter.FormContentFilter.doFilterInternal(FormContentFilter.java:92)
	at org.springframework.web.filter.OncePerRequestFilter.doFilter(OncePerRequestFilter.java:118)
	at org.apache.catalina.core.ApplicationFilterChain.internalDoFilter(ApplicationFilterChain.java:193)
	at org.apache.catalina.core.ApplicationFilterChain.doFilter(ApplicationFilterChain.java:166)
	at org.springframework.web.filter.HiddenHttpMethodFilter.doFilterInternal(HiddenHttpMethodFilter.java:93)
	at org.springframework.web.filter.OncePerRequestFilter.doFilter(OncePerRequestFilter.java:118)
	at org.apache.catalina.core.ApplicationFilterChain.internalDoFilter(ApplicationFilterChain.java:193)
	at org.apache.catalina.core.ApplicationFilterChain.doFilter(ApplicationFilterChain.java:166)
	at org.springframework.web.filter.CharacterEncodingFilter.doFilterInternal(CharacterEncodingFilter.java:200)
	at org.springframework.web.filter.OncePerRequestFilter.doFilter(OncePerRequestFilter.java:118)
	at org.apache.catalina.core.ApplicationFilterChain.internalDoFilter(ApplicationFilterChain.java:193)
	at org.apache.catalina.core.ApplicationFilterChain.doFilter(ApplicationFilterChain.java:166)
	at org.apache.catalina.core.StandardWrapperValve.invoke(StandardWrapperValve.java:202)
	at org.apache.catalina.core.StandardContextValve.invoke(StandardContextValve.java:96)
	at org.apache.catalina.authenticator.AuthenticatorBase.invoke(AuthenticatorBase.java:490)
	at org.apache.catalina.core.StandardHostValve.invoke(StandardHostValve.java:139)
	at org.apache.catalina.valves.ErrorReportValve.invoke(ErrorReportValve.java:92)
	at org.apache.catalina.core.StandardEngineValve.invoke(StandardEngineValve.java:74)
	at org.apache.catalina.connector.CoyoteAdapter.service(CoyoteAdapter.java:343)
	at org.apache.coyote.http11.Http11Processor.service(Http11Processor.java:408)
	at org.apache.coyote.AbstractProcessorLight.process(AbstractProcessorLight.java:66)
	at org.apache.coyote.AbstractProtocol$ConnectionHandler.process(AbstractProtocol.java:853)
	at org.apache.tomcat.util.net.NioEndpoint$SocketProcessor.doRun(NioEndpoint.java:1587)
	at org.apache.tomcat.util.net.SocketProcessorBase.run(SocketProcessorBase.java:49)
	at java.util.concurrent.ThreadPoolExecutor.runWorker(ThreadPoolExecutor.java:1149)
	at java.util.concurrent.ThreadPoolExecutor$Worker.run(ThreadPoolExecutor.java:624)
	at org.apache.tomcat.util.threads.TaskThread$WrappingRunnable.run(TaskThread.java:61)
	at java.lang.Thread.run(Thread.java:748)
DEBUG http-nio-8881-exec-5 druid.sql.Statement - {conn-10001, pstmt-20000} clearParameters. 
DEBUG http-nio-8881-exec-5 druid.sql.Statement - {conn-10001, pstmt-20000} closed
DEBUG http-nio-8881-exec-5 druid.sql.Connection - {conn 10001} rollback
DEBUG http-nio-8881-exec-5 druid.sql.Connection - {conn-10001} setAutoCommit true
DEBUG http-nio-8881-exec-5 druid.sql.Connection - {conn-10001} pool-recycle
DEBUG Thread-13 druid.sql.Connection - {conn-10001} closed
DEBUG main druid.sql.Connection - {conn-10001} connected
DEBUG main druid.sql.Connection - {conn-10001} pool-connect
DEBUG main druid.sql.Connection - {conn-10001} pool-recycle
DEBUG main druid.sql.Connection - {conn-10001} pool-connect
DEBUG main druid.sql.Connection - {conn-10001} pool-recycle
DEBUG main druid.sql.Connection - {conn-10001} pool-connect
DEBUG main druid.sql.Connection - {conn-10001} pool-recycle
DEBUG main druid.sql.Connection - {conn-10001} pool-connect
DEBUG main druid.sql.Connection - {conn-10001} pool-recycle
DEBUG http-nio-8881-exec-5 druid.sql.Connection - {conn-10001} pool-connect
DEBUG http-nio-8881-exec-5 druid.sql.Connection - {conn-10001} setAutoCommit false
DEBUG http-nio-8881-exec-5 druid.sql.Statement - {conn-10001, pstmt-20000} created. insert into tira_task (code, desciption, name, publishdate, techowner, testdate) values (?, ?, ?, ?, ?, ?)
DEBUG http-nio-8881-exec-5 druid.sql.Statement - {conn-10001, pstmt-20000} Parameters : [123, desc, 唐程, 3919-11-11, null, 3919-11-11]
DEBUG http-nio-8881-exec-5 druid.sql.Statement - {conn-10001, pstmt-20000} Types : [VARCHAR, VARCHAR, VARCHAR, DATE, VARCHAR, DATE]
DEBUG http-nio-8881-exec-5 druid.sql.Statement - {conn-10001, pstmt-20000} update executed. effort 1. 13.220124 millis. insert into tira_task (code, desciption, name, publishdate, techowner, testdate) values (?, ?, ?, ?, ?, ?)
DEBUG http-nio-8881-exec-5 druid.sql.ResultSet - {conn-10001, pstmt-20000, rs-50000} open
DEBUG http-nio-8881-exec-5 druid.sql.ResultSet - {conn-10001, pstmt-20000, rs-50000} Header: [GENERATED_KEY]
DEBUG http-nio-8881-exec-5 druid.sql.ResultSet - {conn-10001, pstmt-20000, rs-50000} Result: [1]
DEBUG http-nio-8881-exec-5 druid.sql.ResultSet - {conn-10001, pstmt-20000, rs-50000} closed
DEBUG http-nio-8881-exec-5 druid.sql.Statement - {conn-10001, pstmt-20000} clearParameters. 
DEBUG http-nio-8881-exec-5 druid.sql.Connection - {conn-10001} commited
DEBUG http-nio-8881-exec-5 druid.sql.Connection - {conn-10001} setAutoCommit true
DEBUG http-nio-8881-exec-5 druid.sql.Connection - {conn-10001} pool-recycle
DEBUG Thread-16 druid.sql.Statement - {conn-10001, pstmt-20000} closed
DEBUG Thread-16 druid.sql.Connection - {conn-10001} closed
DEBUG main druid.sql.Connection - {conn-10001} connected
DEBUG main druid.sql.Connection - {conn-10001} pool-connect
DEBUG main druid.sql.Connection - {conn-10001} pool-recycle
DEBUG main druid.sql.Connection - {conn-10001} pool-connect
DEBUG main druid.sql.Connection - {conn-10001} pool-recycle
DEBUG main druid.sql.Connection - {conn-10001} pool-connect
DEBUG main druid.sql.Connection - {conn-10001} pool-recycle
DEBUG main druid.sql.Connection - {conn-10001} pool-connect
DEBUG main druid.sql.Connection - {conn-10001} pool-recycle
DEBUG http-nio-8881-exec-2 druid.sql.Connection - {conn-10001} pool-connect
DEBUG http-nio-8881-exec-2 druid.sql.Connection - {conn-10001} setAutoCommit false
DEBUG http-nio-8881-exec-2 druid.sql.Statement - {conn-10001, pstmt-20000} created. insert into tira_task (code, desciption, name, publishdate, techowner, testdate) values (?, ?, ?, ?, ?, ?)
DEBUG http-nio-8881-exec-2 druid.sql.Statement - {conn-10001, pstmt-20000} Parameters : [123, desc, 唐程, 2016-06-19, null, 2016-06-19]
DEBUG http-nio-8881-exec-2 druid.sql.Statement - {conn-10001, pstmt-20000} Types : [VARCHAR, VARCHAR, VARCHAR, DATE, VARCHAR, DATE]
DEBUG http-nio-8881-exec-2 druid.sql.Statement - {conn-10001, pstmt-20000} update executed. effort 1. 2.048407 millis. insert into tira_task (code, desciption, name, publishdate, techowner, testdate) values (?, ?, ?, ?, ?, ?)
DEBUG http-nio-8881-exec-2 druid.sql.ResultSet - {conn-10001, pstmt-20000, rs-50000} open
DEBUG http-nio-8881-exec-2 druid.sql.ResultSet - {conn-10001, pstmt-20000, rs-50000} Header: [GENERATED_KEY]
DEBUG http-nio-8881-exec-2 druid.sql.ResultSet - {conn-10001, pstmt-20000, rs-50000} Result: [2]
DEBUG http-nio-8881-exec-2 druid.sql.ResultSet - {conn-10001, pstmt-20000, rs-50000} closed
DEBUG http-nio-8881-exec-2 druid.sql.Statement - {conn-10001, pstmt-20000} clearParameters. 
DEBUG http-nio-8881-exec-2 druid.sql.Connection - {conn-10001} commited
DEBUG http-nio-8881-exec-2 druid.sql.Connection - {conn-10001} setAutoCommit true
DEBUG http-nio-8881-exec-2 druid.sql.Connection - {conn-10001} pool-recycle
DEBUG Thread-21 druid.sql.Statement - {conn-10001, pstmt-20000} closed
DEBUG Thread-21 druid.sql.Connection - {conn-10001} closed
DEBUG main druid.sql.Connection - {conn-10001} connected
DEBUG main druid.sql.Connection - {conn-10001} pool-connect
DEBUG main druid.sql.Connection - {conn-10001} pool-recycle
DEBUG main druid.sql.Connection - {conn-10001} pool-connect
DEBUG main druid.sql.Connection - {conn-10001} pool-recycle
DEBUG main druid.sql.Connection - {conn-10001} pool-connect
DEBUG main druid.sql.Connection - {conn-10001} pool-recycle
DEBUG main druid.sql.Connection - {conn-10001} pool-connect
DEBUG main druid.sql.Connection - {conn-10001} pool-recycle
DEBUG http-nio-8881-exec-2 druid.sql.Connection - {conn-10001} pool-connect
DEBUG http-nio-8881-exec-2 druid.sql.Connection - {conn-10001} setAutoCommit false
DEBUG http-nio-8881-exec-2 druid.sql.Statement - {conn-10001, pstmt-20000} created. insert into tira_task (code, desciption, owner, progress, remark, title, workload) values (?, ?, ?, ?, ?, ?, ?)
DEBUG http-nio-8881-exec-2 druid.sql.Statement - {conn-10001, pstmt-20000} clearParameters. 
DEBUG http-nio-8881-exec-2 druid.sql.Connection - {conn-10001} setAutoCommit true
DEBUG http-nio-8881-exec-2 druid.sql.Connection - {conn-110001} connected
DEBUG http-nio-8881-exec-2 druid.sql.Connection - {conn-110001} pool-connect
DEBUG http-nio-8881-exec-2 druid.sql.Connection - {conn-110001} pool-recycle
DEBUG http-nio-8881-exec-2 druid.sql.Connection - {conn-110001} pool-connect
DEBUG http-nio-8881-exec-2 druid.sql.Connection - {conn-110001} pool-recycle
DEBUG main druid.sql.Connection - {conn-10001} connected
DEBUG main druid.sql.Connection - {conn-10001} pool-connect
DEBUG main druid.sql.Connection - {conn-10001} pool-recycle
DEBUG main druid.sql.Connection - {conn-10001} pool-connect
DEBUG main druid.sql.Connection - {conn-10001} pool-recycle
DEBUG main druid.sql.Connection - {conn-10001} pool-connect
DEBUG main druid.sql.Connection - {conn-10001} pool-recycle
DEBUG main druid.sql.Connection - {conn-10001} pool-connect
DEBUG main druid.sql.Connection - {conn-10001} pool-recycle
DEBUG http-nio-8881-exec-6 druid.sql.Connection - {conn-10001} pool-connect
DEBUG http-nio-8881-exec-6 druid.sql.Connection - {conn-10001} setAutoCommit false
DEBUG http-nio-8881-exec-6 druid.sql.Statement - {conn-10001, pstmt-20000} created. insert into tira_task (code, desciption, owner, progress, remark, title, workload) values (?, ?, ?, ?, ?, ?, ?)
DEBUG http-nio-8881-exec-6 druid.sql.Statement - {conn-10001, pstmt-20000} Parameters : [code, desciption, owner, 10.0, remark, title, 2.0]
DEBUG http-nio-8881-exec-6 druid.sql.Statement - {conn-10001, pstmt-20000} Types : [VARCHAR, VARCHAR, VARCHAR, DOUBLE, VARCHAR, VARCHAR, DOUBLE]
DEBUG http-nio-8881-exec-6 druid.sql.Statement - {conn-10001, pstmt-20000} update executed. effort 1. 17.331292 millis. insert into tira_task (code, desciption, owner, progress, remark, title, workload) values (?, ?, ?, ?, ?, ?, ?)
DEBUG http-nio-8881-exec-6 druid.sql.ResultSet - {conn-10001, pstmt-20000, rs-50000} open
DEBUG http-nio-8881-exec-6 druid.sql.ResultSet - {conn-10001, pstmt-20000, rs-50000} Header: [GENERATED_KEY]
DEBUG http-nio-8881-exec-6 druid.sql.ResultSet - {conn-10001, pstmt-20000, rs-50000} Result: [3]
DEBUG http-nio-8881-exec-6 druid.sql.ResultSet - {conn-10001, pstmt-20000, rs-50000} closed
DEBUG http-nio-8881-exec-6 druid.sql.Statement - {conn-10001, pstmt-20000} clearParameters. 
DEBUG http-nio-8881-exec-6 druid.sql.Connection - {conn-10001} commited
DEBUG http-nio-8881-exec-6 druid.sql.Connection - {conn-10001} setAutoCommit true
DEBUG http-nio-8881-exec-6 druid.sql.Connection - {conn-10001} pool-recycle
DEBUG Druid-ConnectionPool-Destroy-103130367 druid.sql.Connection - {conn-10001} closed
